Arguments: 
  C:\Program Files\nodejs\node.exe C:\Users\97541\AppData\Roaming\npm\node_modules\yarn\bin\yarn.js add roadhog -g

PATH: 
  C:\Program Files (x86)\Intel\iCLS Client\;C:\Program Files\Intel\iCLS Client\;C:\Windows\system32;C:\Windows;C:\Windows\System32\Wbem;C:\Windows\System32\WindowsPowerShell\v1.0\;C:\Program Files\nodejs\;C:\Program Files\Git\cmd;C:\Program Files\TortoiseGit\bin;C:\Program Files (x86)\Intel\Intel(R) Management Engine Components\DAL;C:\Program Files\Intel\Intel(R) Management Engine Components\DAL;C:\Program Files (x86)\Intel\Intel(R) Management Engine Components\IPT;C:\Program Files\Intel\Intel(R) Management Engine Components\IPT;C:\Program Files\Intel\WiFi\bin\;C:\Program Files\Common Files\Intel\WirelessCommon\;C:\Users\97541\AppData\Local\Microsoft\WindowsApps;C:\Users\97541\AppData\Roaming\npm;C:\LLruan\Microsoft VS Code\bin;C:\Program Files\Intel\WiFi\bin\;C:\Program Files\Common Files\Intel\WirelessCommon\

Yarn version: 
  1.9.4

Node version: 
  10.8.0

Platform: 
  win32 x64

Trace: 
  Error: ENOENT: no such file or directory, copyfile 'C:\Users\97541\AppData\Local\Yarn\Cache\v2\npm-ms-2.1.1-30a5864eb3ebb0a66f2ebe6d727af06a09d86e0a\index.js' -> 'C:\product\project\aaa\node_modules\@babel\core\node_modules\ms\index.js'

npm manifest: 
  {
    "private": true,
    "scripts": {
      "start": "set port=8008 && roadhog server",
      "build": "roadhog build",
      "lint": "eslint --ext .js src test",
      "precommit": "npm run lint"
    },
    "dependencies": {
      "dva": "^2.4.0",
      "react": "^16.2.0",
      "react-dom": "^16.2.0"
    },
    "devDependencies": {
      "antd": "^3.10.1",
      "babel-plugin-dva-hmr": "^0.3.2",
      "eslint": "^4.14.0",
      "eslint-config-umi": "^0.1.1",
      "eslint-plugin-flowtype": "^2.34.1",
      "eslint-plugin-import": "^2.6.0",
      "eslint-plugin-jsx-a11y": "^5.1.1",
      "eslint-plugin-react": "^7.1.0",
      "husky": "^0.12.0",
      "mockjs": "^1.0.1-beta3",
      "redbox-react": "^1.4.3",
      "roadhog": "^2.0.0",
      "simple-react-clipboard": "^1.0.5"
    }
  }

yarn manifest: 
  No manifest

Lockfile: 
  No lockfile
